<?xml version="1.0" encoding="UTF-8"?>
<!-- Generated by org.testng.reporters.JUnitXMLReporter -->
<testsuite ignored="0" hostname="ATMECSINDT-012" failures="0" tests="3" name="Falcon App Test Cases" time="148.134" errors="0" timestamp="2019-08-06T13:06:31 IST">
  <testcase classname="com.falcon.qa.testcases.DashboardPageTest" name="verifyProductlinkTest" time="31.424"/>
  <testcase classname="com.falcon.qa.testcases.DashboardPageTest" name="clickonLinkByNameTest" time="32.975"/>
  <testcase classname="com.falcon.qa.testcases.ViewPageTest" name="verifyResultCountByToggle" time="64.048"/>
</testsuite> <!-- Falcon App Test Cases -->
