<?xml version="1.0" encoding="UTF-8"?>
<!-- Generated by org.testng.reporters.JUnitXMLReporter -->
<testsuite ignored="0" hostname="ATMECSINDT-012" failures="0" tests="4" name="Default test" time="35.883" errors="0" timestamp="2019-08-13T19:45:14 IST">
  <testcase classname="com.shoptools.qa.base.Base" name="initialization" time="12.843"/>
  <testcase classname="com.shoptools.qa.testscripts.Scenario1" name="addProduct1ToCart" time="12.195"/>
  <testcase classname="com.shoptools.qa.testscripts.Scenario1" name="addProduct2Tocart" time="7.739"/>
  <testcase classname="com.shoptools.qa.testscripts.Scenario1" name="verifyTotalAmount" time="3.019"/>
</testsuite> <!-- Default test -->
