<?xml version="1.0" encoding="UTF-8"?>
<testng-results ignored="0" total="3" passed="3" failed="0" skipped="0">
  <reporter-output>
  </reporter-output>
  <suite started-at="2019-08-06T13:04:03 IST" name="Falcon" finished-at="2019-08-06T13:06:31 IST" duration-ms="148134">
    <groups>
    </groups>
    <test started-at="2019-08-06T13:04:03 IST" name="Falcon App Test Cases" finished-at="2019-08-06T13:06:31 IST" duration-ms="148134">
      <class name="com.falcon.qa.testcases.ViewPageTest">
        <test-method is-config="true" signature="setUp()[pri:0, instance:com.falcon.qa.testcases.ViewPageTest@6293abcc]" started-at="2019-08-06T13:05:21 IST" name="setUp" finished-at="2019-08-06T13:05:26 IST" duration-ms="5273" status="PASS">
          <reporter-output>
          </reporter-output>
        </test-method> <!-- setUp -->
        <test-method signature="verifyResultCountByToggle()[pri:0, instance:com.falcon.qa.testcases.ViewPageTest@6293abcc]" started-at="2019-08-06T13:05:26 IST" name="verifyResultCountByToggle" finished-at="2019-08-06T13:06:30 IST" duration-ms="64048" status="PASS">
          <reporter-output>
          </reporter-output>
        </test-method> <!-- verifyResultCountByToggle -->
        <test-method is-config="true" signature="tearDown()[pri:0, instance:com.falcon.qa.testcases.ViewPageTest@6293abcc]" started-at="2019-08-06T13:06:30 IST" name="tearDown" finished-at="2019-08-06T13:06:31 IST" duration-ms="835" status="PASS">
          <reporter-output>
          </reporter-output>
        </test-method> <!-- tearDown -->
      </class> <!-- com.falcon.qa.testcases.ViewPageTest -->
      <class name="com.falcon.qa.testcases.DashboardPageTest">
        <test-method is-config="true" signature="setUp()[pri:0, instance:com.falcon.qa.testcases.DashboardPageTest@5a955565]" started-at="2019-08-06T13:04:03 IST" name="setUp" finished-at="2019-08-06T13:04:09 IST" duration-ms="6517" status="PASS">
          <reporter-output>
          </reporter-output>
        </test-method> <!-- setUp -->
        <test-method signature="verifyProductlinkTest()[pri:1, instance:com.falcon.qa.testcases.DashboardPageTest@5a955565]" started-at="2019-08-06T13:04:09 IST" name="verifyProductlinkTest" finished-at="2019-08-06T13:04:41 IST" duration-ms="31424" status="PASS">
          <reporter-output>
          </reporter-output>
        </test-method> <!-- verifyProductlinkTest -->
        <test-method is-config="true" signature="tearDown()[pri:0, instance:com.falcon.qa.testcases.DashboardPageTest@5a955565]" started-at="2019-08-06T13:04:41 IST" name="tearDown" finished-at="2019-08-06T13:04:41 IST" duration-ms="768" status="PASS">
          <reporter-output>
          </reporter-output>
        </test-method> <!-- tearDown -->
        <test-method is-config="true" signature="setUp()[pri:0, instance:com.falcon.qa.testcases.DashboardPageTest@5a955565]" started-at="2019-08-06T13:04:41 IST" name="setUp" finished-at="2019-08-06T13:04:47 IST" duration-ms="5474" status="PASS">
          <reporter-output>
          </reporter-output>
        </test-method> <!-- setUp -->
        <test-method signature="clickonLinkByNameTest()[pri:2, instance:com.falcon.qa.testcases.DashboardPageTest@5a955565]" started-at="2019-08-06T13:04:47 IST" name="clickonLinkByNameTest" finished-at="2019-08-06T13:05:20 IST" duration-ms="32975" status="PASS">
          <reporter-output>
          </reporter-output>
        </test-method> <!-- clickonLinkByNameTest -->
        <test-method is-config="true" signature="tearDown()[pri:0, instance:com.falcon.qa.testcases.DashboardPageTest@5a955565]" started-at="2019-08-06T13:05:20 IST" name="tearDown" finished-at="2019-08-06T13:05:21 IST" duration-ms="766" status="PASS">
          <reporter-output>
          </reporter-output>
        </test-method> <!-- tearDown -->
      </class> <!-- com.falcon.qa.testcases.DashboardPageTest -->
    </test> <!-- Falcon App Test Cases -->
  </suite> <!-- Falcon -->
</testng-results>
